0 info it worked if it ends with ok
1 verbose cli [ '/usr/local/bin/node', '/usr/local/bin/npm', 'publish' ]
2 info using npm@3.8.9
3 info using node@v6.2.0
4 verbose publish [ '.' ]
5 silly cache add args [ '.', null ]
6 verbose cache add spec .
7 silly cache add parsed spec Result {
7 silly cache add   raw: '.',
7 silly cache add   scope: null,
7 silly cache add   name: null,
7 silly cache add   rawSpec: '.',
7 silly cache add   spec: '/Users/varun/Projects/common-lib',
7 silly cache add   type: 'directory' }
8 verbose addLocalDirectory /Users/varun/.npm/common-lib/1.0.0/package.tgz not in flight; packing
9 verbose correctMkdir /Users/varun/.npm correctMkdir not in flight; initializing
10 info lifecycle common-lib@1.0.0~prepublish: common-lib@1.0.0
11 silly lifecycle common-lib@1.0.0~prepublish: no script for prepublish, continuing
12 verbose tar pack [ '/Users/varun/.npm/common-lib/1.0.0/package.tgz',
12 verbose tar pack   '/Users/varun/Projects/common-lib' ]
13 verbose tarball /Users/varun/.npm/common-lib/1.0.0/package.tgz
14 verbose folder /Users/varun/Projects/common-lib
15 verbose addLocalTarball adding from inside cache /Users/varun/.npm/common-lib/1.0.0/package.tgz
16 verbose correctMkdir /Users/varun/.npm correctMkdir not in flight; initializing
17 silly cache afterAdd common-lib@1.0.0
18 verbose afterAdd /Users/varun/.npm/common-lib/1.0.0/package/package.json not in flight; writing
19 verbose correctMkdir /Users/varun/.npm correctMkdir not in flight; initializing
20 verbose afterAdd /Users/varun/.npm/common-lib/1.0.0/package/package.json written
21 silly publish { name: 'common-lib',
21 silly publish   version: '1.0.0',
21 silly publish   description: 'A collection of most commonly used functions in modern webapps',
21 silly publish   main: 'index.js',
21 silly publish   scripts: { test: 'echo "Error: no test specified" && exit 1' },
21 silly publish   repository:
21 silly publish    { type: 'git',
21 silly publish      url: 'git+https://github.com/varun-raj/common-lib.git' },
21 silly publish   keywords: [ 'library', 'functions', 'common' ],
21 silly publish   author: { name: 'Varun Raj', email: 'varun@skcript.com' },
21 silly publish   license: 'MIT',
21 silly publish   bugs: { url: 'https://github.com/varun-raj/common-lib/issues' },
21 silly publish   homepage: 'https://github.com/varun-raj/common-lib#readme',
21 silly publish   readme: '# CommonLib \nA collection of most commonly used functions in modern webapps\n------\n### Installation\n```\nnpm install --save common-lib\n```\n### Usage\n```\nvar CommonLib = require(\'common-lib\');\nCommonLib.functionName();\n```\n### List of currently available functions\n##### For getting the index of an element from an array.\n`getElementIndex(element, array);`\n##### For converting file size to human readable format.\n`humanFileSize(bytes,decimals);`\n##### For converting one digit to two.\n`makeTwoDigit(number);`\n##### For converting an associative array to index array.\n`convertToIndexArray(hash_array);`\n##### For getting value of a url params.\n`getURLParameter(param_name);`\n##### For getting the first letter of a string.\n`getFirstLetter(str);`\n##### For converting the bitrate to a readble format\n`formatebitrate(bits);`\n\n### Contribution.\n* Fork the repo.\n* Add your functions to the `index.js` file.\n* Create a pull request with a proper note about the function.\n\n',
21 silly publish   readmeFilename: 'README.md',
21 silly publish   gitHead: '9297dbaf3fe54463b26188b7a27834ead691564d',
21 silly publish   _id: 'common-lib@1.0.0',
21 silly publish   _shasum: '12840b0ff0b3dabe6fbed0a95af1c0053069ad36',
21 silly publish   _from: '.' }
22 verbose getPublishConfig undefined
23 silly mapToRegistry name common-lib
24 silly mapToRegistry using default registry
25 silly mapToRegistry registry https://registry.npmjs.org/
26 silly mapToRegistry data Result {
26 silly mapToRegistry   raw: 'common-lib',
26 silly mapToRegistry   scope: null,
26 silly mapToRegistry   name: 'common-lib',
26 silly mapToRegistry   rawSpec: '',
26 silly mapToRegistry   spec: 'latest',
26 silly mapToRegistry   type: 'tag' }
27 silly mapToRegistry uri https://registry.npmjs.org/common-lib
28 verbose publish registryBase https://registry.npmjs.org/
29 silly publish uploading /Users/varun/.npm/common-lib/1.0.0/package.tgz
30 verbose request uri https://registry.npmjs.org/common-lib
31 verbose request sending authorization for write operation
32 info attempt registry request try #1 at 3:35:29 PM
33 verbose request using bearer token for auth
34 verbose request id 1839a3f12dbde642
35 http request PUT https://registry.npmjs.org/common-lib
36 http 403 https://registry.npmjs.org/common-lib
37 verbose headers { 'content-type': 'application/json',
37 verbose headers   'cache-control': 'max-age=300',
37 verbose headers   'content-length': '95',
37 verbose headers   'accept-ranges': 'bytes',
37 verbose headers   date: 'Mon, 08 Aug 2016 10:05:32 GMT',
37 verbose headers   via: '1.1 varnish',
37 verbose headers   connection: 'keep-alive',
37 verbose headers   'x-served-by': 'cache-sin6922-SIN',
37 verbose headers   'x-cache': 'MISS',
37 verbose headers   'x-cache-hits': '0',
37 verbose headers   'x-timer': 'S1470650731.570306,VS0,VE846',
37 verbose headers   vary: 'Accept-Encoding' }
38 verbose request invalidating /Users/varun/.npm/registry.npmjs.org/common-lib on PUT
39 error publish Failed PUT 403
40 verbose stack Error: "You cannot publish over the previously published version 1.0.0." : common-lib
40 verbose stack     at makeError (/usr/local/lib/node_modules/npm/node_modules/npm-registry-client/lib/request.js:264:12)
40 verbose stack     at CachingRegistryClient.<anonymous> (/usr/local/lib/node_modules/npm/node_modules/npm-registry-client/lib/request.js:252:14)
40 verbose stack     at Request._callback (/usr/local/lib/node_modules/npm/node_modules/npm-registry-client/lib/request.js:172:14)
40 verbose stack     at Request.self.callback (/usr/local/lib/node_modules/npm/node_modules/request/request.js:200:22)
40 verbose stack     at emitTwo (events.js:106:13)
40 verbose stack     at Request.emit (events.js:191:7)
40 verbose stack     at Request.<anonymous> (/usr/local/lib/node_modules/npm/node_modules/request/request.js:1067:10)
40 verbose stack     at emitOne (events.js:101:20)
40 verbose stack     at Request.emit (events.js:188:7)
40 verbose stack     at IncomingMessage.<anonymous> (/usr/local/lib/node_modules/npm/node_modules/request/request.js:988:12)
41 verbose statusCode 403
42 verbose pkgid common-lib
43 verbose cwd /Users/varun/Projects/common-lib
44 error Darwin 15.3.0
45 error argv "/usr/local/bin/node" "/usr/local/bin/npm" "publish"
46 error node v6.2.0
47 error npm  v3.8.9
48 error code E403
49 error "You cannot publish over the previously published version 1.0.0." : common-lib
50 error If you need help, you may report this error at:
50 error     <https://github.com/npm/npm/issues>
51 verbose exit [ 1, true ]
